<?xml version="1.0" encoding="UTF-8"?>
<!-- Generated by org.testng.reporters.JUnitReportReporter -->
<testsuite skipped="0" hostname="india-PC" name="com.maven.suitea.TC_001" tests="1" failures="0" timestamp="09 Feb 2020 17:44:15 GMT" time="0.008" errors="0">
  <testcase name="amazon" time="0.008" classname="com.maven.suitea.TC_001"/>
</testsuite> <!-- com.maven.suitea.TC_001 -->
